This file contains any messages produced by compilers while
running configure, to aid debugging if configure makes a mistake.

It was created by configure, which was
generated by GNU Autoconf 2.61.  Invocation command line was

  $ ./configure -prefix=/var/lib/mysql/mysql --with-mysql=/usr/bin/mysql_config

## --------- ##
## Platform. ##
## --------- ##

hostname = senthilkumar-VirtualBox
uname -m = x86_64
uname -r = 4.2.0-27-generic
uname -s = Linux
uname -v = #32~14.04.1-Ubuntu SMP Fri Jan 22 15:32:26 UTC 2016

/usr/bin/uname -p = unknown
/bin/uname -X     = unknown

/bin/arch              = unknown
/usr/bin/arch -k       = unknown
/usr/convex/getsysinfo = unknown
/usr/bin/hostinfo      = unknown
/bin/machine           = unknown
/usr/bin/oslevel       = unknown
/bin/universe          = unknown

PATH: /usr/local/sbin
PATH: /usr/local/bin
PATH: /usr/sbin
PATH: /usr/bin
PATH: /sbin
PATH: /bin
PATH: /usr/games
PATH: /usr/local/games


## ----------- ##
## Core tests. ##
## ----------- ##

configure:1989: checking for a BSD-compatible install
configure:2045: result: /usr/bin/install -c
configure:2056: checking whether build environment is sane
configure:2099: result: yes
configure:2127: checking for a thread-safe mkdir -p
configure:2166: result: /bin/mkdir -p
configure:2179: checking for gawk
configure:2209: result: no
configure:2179: checking for mawk
configure:2195: found /usr/bin/mawk
configure:2206: result: mawk
configure:2217: checking whether make sets $(MAKE)
configure:2238: result: yes
configure:2475: checking for gcc
configure:2491: found /usr/bin/gcc
configure:2502: result: gcc
configure:2740: checking for C compiler version
configure:2747: gcc --version >&5
gcc (Ubuntu 4.8.4-2ubuntu1~14.04.3) 4.8.4
Copyright (C) 2013 Free Software Foundation, Inc.
This is free software; see the source for copying conditions.  There is NO
warranty; not even for MERCHANTABILITY or FITNESS FOR A PARTICULAR PURPOSE.

configure:2750: $? = 0
configure:2757: gcc -v >&5
Using built-in specs.
COLLECT_GCC=gcc
COLLECT_LTO_WRAPPER=/usr/lib/gcc/x86_64-linux-gnu/4.8/lto-wrapper
Target: x86_64-linux-gnu
Configured with: ../src/configure -v --with-pkgversion='Ubuntu 4.8.4-2ubuntu1~14.04.3' --with-bugurl=file:///usr/share/doc/gcc-4.8/README.Bugs --enable-languages=c,c++,java,go,d,fortran,objc,obj-c++ --prefix=/usr --program-suffix=-4.8 --enable-shared --enable-linker-build-id --libexecdir=/usr/lib --without-included-gettext --enable-threads=posix --with-gxx-include-dir=/usr/include/c++/4.8 --libdir=/usr/lib --enable-nls --with-sysroot=/ --enable-clocale=gnu --enable-libstdcxx-debug --enable-libstdcxx-time=yes --enable-gnu-unique-object --disable-libmudflap --enable-plugin --with-system-zlib --disable-browser-plugin --enable-java-awt=gtk --enable-gtk-cairo --with-java-home=/usr/lib/jvm/java-1.5.0-gcj-4.8-amd64/jre --enable-java-home --with-jvm-root-dir=/usr/lib/jvm/java-1.5.0-gcj-4.8-amd64 --with-jvm-jar-dir=/usr/lib/jvm-exports/java-1.5.0-gcj-4.8-amd64 --with-arch-directory=amd64 --with-ecj-jar=/usr/share/java/eclipse-ecj.jar --enable-objc-gc --enable-multiarch --disable-werror --with-arch-32=i686 --with-abi=m64 --with-multilib-list=m32,m64,mx32 --with-tune=generic --enable-checking=release --build=x86_64-linux-gnu --host=x86_64-linux-gnu --target=x86_64-linux-gnu
Thread model: posix
gcc version 4.8.4 (Ubuntu 4.8.4-2ubuntu1~14.04.3) 
configure:2760: $? = 0
configure:2767: gcc -V >&5
gcc: error: unrecognized command line option '-V'
gcc: fatal error: no input files
compilation terminated.
configure:2770: $? = 4
configure:2793: checking for C compiler default output file name
configure:2820: gcc    conftest.c  >&5
configure:2823: $? = 0
configure:2861: result: a.out
configure:2878: checking whether the C compiler works
configure:2888: ./a.out
configure:2891: $? = 0
configure:2908: result: yes
configure:2915: checking whether we are cross compiling
configure:2917: result: no
configure:2920: checking for suffix of executables
configure:2927: gcc -o conftest    conftest.c  >&5
configure:2930: $? = 0
configure:2954: result: 
configure:2960: checking for suffix of object files
configure:2986: gcc -c   conftest.c >&5
configure:2989: $? = 0
configure:3012: result: o
configure:3016: checking whether we are using the GNU C compiler
configure:3045: gcc -c   conftest.c >&5
configure:3051: $? = 0
configure:3068: result: yes
configure:3073: checking whether gcc accepts -g
configure:3103: gcc -c -g  conftest.c >&5
configure:3109: $? = 0
configure:3208: result: yes
configure:3225: checking for gcc option to accept ISO C89
configure:3299: gcc  -c -g -O2  conftest.c >&5
configure:3305: $? = 0
configure:3328: result: none needed
configure:3357: checking for style of include used by make
configure:3385: result: GNU
configure:3410: checking dependency style of gcc
configure:3501: result: gcc3
configure:3594: checking build system type
configure:3612: result: x86_64-unknown-linux-gnu
configure:3634: checking host system type
configure:3649: result: x86_64-unknown-linux-gnu
configure:3671: checking for a sed that does not truncate output
configure:3727: result: /bin/sed
configure:3730: checking for grep that handles long lines and -e
configure:3804: result: /bin/grep
configure:3809: checking for egrep
configure:3887: result: /bin/grep -E
configure:3903: checking for ld used by gcc
configure:3970: result: /usr/bin/ld
configure:3979: checking if the linker (/usr/bin/ld) is GNU ld
configure:3994: result: yes
configure:3999: checking for /usr/bin/ld option to reload object files
configure:4006: result: -r
configure:4024: checking for BSD-compatible nm
configure:4073: result: /usr/bin/nm -B
configure:4077: checking whether ln -s works
configure:4081: result: yes
configure:4088: checking how to recognize dependent libraries
configure:4274: result: pass_all
configure:4363: gcc -c -g -O2  conftest.c >&5
configure:4366: $? = 0
configure:4519: checking how to run the C preprocessor
configure:4559: gcc -E  conftest.c
configure:4565: $? = 0
configure:4596: gcc -E  conftest.c
conftest.c:10:28: fatal error: ac_nonexistent.h: No such file or directory
 #include <ac_nonexistent.h>
                            ^
compilation terminated.
configure:4602: $? = 1
configure: failed program was:
| /* confdefs.h.  */
| #define PACKAGE_NAME ""
| #define PACKAGE_TARNAME ""
| #define PACKAGE_VERSION ""
| #define PACKAGE_STRING ""
| #define PACKAGE_BUGREPORT ""
| #define PACKAGE "mysql-udf-http"
| #define VERSION "0.1"
| /* end confdefs.h.  */
| #include <ac_nonexistent.h>
configure:4635: result: gcc -E
configure:4664: gcc -E  conftest.c
configure:4670: $? = 0
configure:4701: gcc -E  conftest.c
conftest.c:10:28: fatal error: ac_nonexistent.h: No such file or directory
 #include <ac_nonexistent.h>
                            ^
compilation terminated.
configure:4707: $? = 1
configure: failed program was:
| /* confdefs.h.  */
| #define PACKAGE_NAME ""
| #define PACKAGE_TARNAME ""
| #define PACKAGE_VERSION ""
| #define PACKAGE_STRING ""
| #define PACKAGE_BUGREPORT ""
| #define PACKAGE "mysql-udf-http"
| #define VERSION "0.1"
| /* end confdefs.h.  */
| #include <ac_nonexistent.h>
configure:4745: checking for ANSI C header files
configure:4775: gcc -c -g -O2  conftest.c >&5
configure:4781: $? = 0
configure:4880: gcc -o conftest -g -O2   conftest.c  >&5
configure:4883: $? = 0
configure:4889: ./conftest
configure:4892: $? = 0
configure:4909: result: yes
configure:4933: checking for sys/types.h
configure:4954: gcc -c -g -O2  conftest.c >&5
configure:4960: $? = 0
configure:4976: result: yes
configure:4933: checking for sys/stat.h
configure:4954: gcc -c -g -O2  conftest.c >&5
configure:4960: $? = 0
configure:4976: result: yes
configure:4933: checking for stdlib.h
configure:4954: gcc -c -g -O2  conftest.c >&5
configure:4960: $? = 0
configure:4976: result: yes
configure:4933: checking for string.h
configure:4954: gcc -c -g -O2  conftest.c >&5
configure:4960: $? = 0
configure:4976: result: yes
configure:4933: checking for memory.h
configure:4954: gcc -c -g -O2  conftest.c >&5
configure:4960: $? = 0
configure:4976: result: yes
configure:4933: checking for strings.h
configure:4954: gcc -c -g -O2  conftest.c >&5
configure:4960: $? = 0
configure:4976: result: yes
configure:4933: checking for inttypes.h
configure:4954: gcc -c -g -O2  conftest.c >&5
configure:4960: $? = 0
configure:4976: result: yes
configure:4933: checking for stdint.h
configure:4954: gcc -c -g -O2  conftest.c >&5
configure:4960: $? = 0
configure:4976: result: yes
configure:4933: checking for unistd.h
configure:4954: gcc -c -g -O2  conftest.c >&5
configure:4960: $? = 0
configure:4976: result: yes
configure:5003: checking dlfcn.h usability
configure:5020: gcc -c -g -O2  conftest.c >&5
configure:5026: $? = 0
configure:5040: result: yes
configure:5044: checking dlfcn.h presence
configure:5059: gcc -E  conftest.c
configure:5065: $? = 0
configure:5079: result: yes
configure:5107: checking for dlfcn.h
configure:5115: result: yes
configure:5186: checking for g++
configure:5202: found /usr/bin/g++
configure:5213: result: g++
configure:5244: checking for C++ compiler version
configure:5251: g++ --version >&5
g++ (Ubuntu 4.8.4-2ubuntu1~14.04.3) 4.8.4
Copyright (C) 2013 Free Software Foundation, Inc.
This is free software; see the source for copying conditions.  There is NO
warranty; not even for MERCHANTABILITY or FITNESS FOR A PARTICULAR PURPOSE.

configure:5254: $? = 0
configure:5261: g++ -v >&5
Using built-in specs.
COLLECT_GCC=g++
COLLECT_LTO_WRAPPER=/usr/lib/gcc/x86_64-linux-gnu/4.8/lto-wrapper
Target: x86_64-linux-gnu
Configured with: ../src/configure -v --with-pkgversion='Ubuntu 4.8.4-2ubuntu1~14.04.3' --with-bugurl=file:///usr/share/doc/gcc-4.8/README.Bugs --enable-languages=c,c++,java,go,d,fortran,objc,obj-c++ --prefix=/usr --program-suffix=-4.8 --enable-shared --enable-linker-build-id --libexecdir=/usr/lib --without-included-gettext --enable-threads=posix --with-gxx-include-dir=/usr/include/c++/4.8 --libdir=/usr/lib --enable-nls --with-sysroot=/ --enable-clocale=gnu --enable-libstdcxx-debug --enable-libstdcxx-time=yes --enable-gnu-unique-object --disable-libmudflap --enable-plugin --with-system-zlib --disable-browser-plugin --enable-java-awt=gtk --enable-gtk-cairo --with-java-home=/usr/lib/jvm/java-1.5.0-gcj-4.8-amd64/jre --enable-java-home --with-jvm-root-dir=/usr/lib/jvm/java-1.5.0-gcj-4.8-amd64 --with-jvm-jar-dir=/usr/lib/jvm-exports/java-1.5.0-gcj-4.8-amd64 --with-arch-directory=amd64 --with-ecj-jar=/usr/share/java/eclipse-ecj.jar --enable-objc-gc --enable-multiarch --disable-werror --with-arch-32=i686 --with-abi=m64 --with-multilib-list=m32,m64,mx32 --with-tune=generic --enable-checking=release --build=x86_64-linux-gnu --host=x86_64-linux-gnu --target=x86_64-linux-gnu
Thread model: posix
gcc version 4.8.4 (Ubuntu 4.8.4-2ubuntu1~14.04.3) 
configure:5264: $? = 0
configure:5271: g++ -V >&5
g++: error: unrecognized command line option '-V'
g++: fatal error: no input files
compilation terminated.
configure:5274: $? = 4
configure:5277: checking whether we are using the GNU C++ compiler
configure:5306: g++ -c   conftest.cpp >&5
configure:5312: $? = 0
configure:5329: result: yes
configure:5334: checking whether g++ accepts -g
configure:5364: g++ -c -g  conftest.cpp >&5
configure:5370: $? = 0
configure:5469: result: yes
configure:5494: checking dependency style of g++
configure:5585: result: gcc3
configure:5610: checking how to run the C++ preprocessor
configure:5646: g++ -E  conftest.cpp
configure:5652: $? = 0
configure:5683: g++ -E  conftest.cpp
conftest.cpp:21:28: fatal error: ac_nonexistent.h: No such file or directory
 #include <ac_nonexistent.h>
                            ^
compilation terminated.
configure:5689: $? = 1
configure: failed program was:
| /* confdefs.h.  */
| #define PACKAGE_NAME ""
| #define PACKAGE_TARNAME ""
| #define PACKAGE_VERSION ""
| #define PACKAGE_STRING ""
| #define PACKAGE_BUGREPORT ""
| #define PACKAGE "mysql-udf-http"
| #define VERSION "0.1"
| #define STDC_HEADERS 1
| #define HAVE_SYS_TYPES_H 1
| #define HAVE_SYS_STAT_H 1
| #define HAVE_STDLIB_H 1
| #define HAVE_STRING_H 1
| #define HAVE_MEMORY_H 1
| #define HAVE_STRINGS_H 1
| #define HAVE_INTTYPES_H 1
| #define HAVE_STDINT_H 1
| #define HAVE_UNISTD_H 1
| #define HAVE_DLFCN_H 1
| /* end confdefs.h.  */
| #include <ac_nonexistent.h>
configure:5722: result: g++ -E
configure:5751: g++ -E  conftest.cpp
configure:5757: $? = 0
configure:5788: g++ -E  conftest.cpp
conftest.cpp:21:28: fatal error: ac_nonexistent.h: No such file or directory
 #include <ac_nonexistent.h>
                            ^
compilation terminated.
configure:5794: $? = 1
configure: failed program was:
| /* confdefs.h.  */
| #define PACKAGE_NAME ""
| #define PACKAGE_TARNAME ""
| #define PACKAGE_VERSION ""
| #define PACKAGE_STRING ""
| #define PACKAGE_BUGREPORT ""
| #define PACKAGE "mysql-udf-http"
| #define VERSION "0.1"
| #define STDC_HEADERS 1
| #define HAVE_SYS_TYPES_H 1
| #define HAVE_SYS_STAT_H 1
| #define HAVE_STDLIB_H 1
| #define HAVE_STRING_H 1
| #define HAVE_MEMORY_H 1
| #define HAVE_STRINGS_H 1
| #define HAVE_INTTYPES_H 1
| #define HAVE_STDINT_H 1
| #define HAVE_UNISTD_H 1
| #define HAVE_DLFCN_H 1
| /* end confdefs.h.  */
| #include <ac_nonexistent.h>
configure:5887: checking for g77
configure:5917: result: no
configure:5887: checking for xlf
configure:5917: result: no
configure:5887: checking for f77
configure:5917: result: no
configure:5887: checking for frt
configure:5917: result: no
configure:5887: checking for pgf77
configure:5917: result: no
configure:5887: checking for cf77
configure:5917: result: no
configure:5887: checking for fort77
configure:5917: result: no
configure:5887: checking for fl32
configure:5917: result: no
configure:5887: checking for af77
configure:5917: result: no
configure:5887: checking for xlf90
configure:5917: result: no
configure:5887: checking for f90
configure:5917: result: no
configure:5887: checking for pgf90
configure:5917: result: no
configure:5887: checking for pghpf
configure:5917: result: no
configure:5887: checking for epcf90
configure:5917: result: no
configure:5887: checking for gfortran
configure:5917: result: no
configure:5887: checking for g95
configure:5917: result: no
configure:5887: checking for xlf95
configure:5917: result: no
configure:5887: checking for f95
configure:5917: result: no
configure:5887: checking for fort
configure:5917: result: no
configure:5887: checking for ifort
configure:5917: result: no
configure:5887: checking for ifc
configure:5917: result: no
configure:5887: checking for efc
configure:5917: result: no
configure:5887: checking for pgf95
configure:5917: result: no
configure:5887: checking for lf95
configure:5917: result: no
configure:5887: checking for ftn
configure:5917: result: no
configure:5944: checking for Fortran 77 compiler version
configure:5951:  --version >&5
./configure: line 5952: --version: command not found
configure:5954: $? = 127
configure:5961:  -v >&5
./configure: line 5962: -v: command not found
configure:5964: $? = 127
configure:5971:  -V >&5
./configure: line 5972: -V: command not found
configure:5974: $? = 127
configure:5982: checking whether we are using the GNU Fortran 77 compiler
configure:6001:  -c  conftest.F >&5
./configure: line 6002: -c: command not found
configure:6007: $? = 127
configure: failed program was:
|       program main
| #ifndef __GNUC__
|        choke me
| #endif
| 
|       end
configure:6024: result: no
configure:6030: checking whether  accepts -g
configure:6047:  -c -g conftest.f >&5
./configure: line 6048: -c: command not found
configure:6053: $? = 127
configure: failed program was:
|       program main
| 
|       end
configure:6069: result: no
configure:6098: checking the maximum length of command line arguments
configure:6210: result: 1572864
configure:6222: checking command to parse /usr/bin/nm -B output from gcc object
configure:6327: gcc -c -g -O2  conftest.c >&5
configure:6330: $? = 0
configure:6334: /usr/bin/nm -B conftest.o \| sed -n -e 's/^.*[ 	]\([ABCDGIRSTW][ABCDGIRSTW]*\)[ 	][ 	]*\([_A-Za-z][_A-Za-z0-9]*\)$/\1 \2 \2/p' \> conftest.nm
configure:6337: $? = 0
configure:6389: gcc -o conftest -g -O2   conftest.c conftstm.o >&5
configure:6392: $? = 0
configure:6430: result: ok
configure:6434: checking for objdir
configure:6449: result: .libs
configure:6541: checking for ar
configure:6557: found /usr/bin/ar
configure:6568: result: ar
configure:6637: checking for ranlib
configure:6653: found /usr/bin/ranlib
configure:6664: result: ranlib
configure:6733: checking for strip
configure:6749: found /usr/bin/strip
configure:6760: result: strip
configure:7358: checking if gcc supports -fno-rtti -fno-exceptions
configure:7376: gcc -c -g -O2  -fno-rtti -fno-exceptions conftest.c >&5
cc1: warning: command line option '-fno-rtti' is valid for C++/ObjC++ but not for C [enabled by default]
configure:7380: $? = 0
configure:7393: result: no
configure:7408: checking for gcc option to produce PIC
configure:7640: result: -fPIC
configure:7648: checking if gcc PIC flag -fPIC works
configure:7666: gcc -c -g -O2  -fPIC -DPIC conftest.c >&5
configure:7670: $? = 0
configure:7683: result: yes
configure:7711: checking if gcc static flag -static works
configure:7739: result: yes
configure:7749: checking if gcc supports -c -o file.o
configure:7770: gcc -c -g -O2  -o out/conftest2.o conftest.c >&5
configure:7774: $? = 0
configure:7796: result: yes
configure:7822: checking whether the gcc linker (/usr/bin/ld -m elf_x86_64) supports shared libraries
configure:8803: result: yes
configure:8824: checking whether -lc should be explicitly linked in
configure:8829: gcc -c -g -O2  conftest.c >&5
configure:8832: $? = 0
configure:8847: gcc -shared conftest.o  -v -Wl,-soname -Wl,conftest -o conftest 2\>\&1 \| grep  -lc  \>/dev/null 2\>\&1
configure:8850: $? = 0
configure:8862: result: no
configure:8870: checking dynamic linker characteristics
configure:9484: result: GNU/Linux ld.so
configure:9508: checking how to hardcode library paths into programs
configure:9533: result: immediate
configure:9547: checking whether stripping libraries is possible
configure:9552: result: yes
configure:10354: checking if libtool supports shared libraries
configure:10356: result: yes
configure:10359: checking whether to build shared libraries
configure:10380: result: yes
configure:10383: checking whether to build static libraries
configure:10387: result: yes
configure:10481: creating libtool
configure:11074: checking for ld used by g++
configure:11141: result: /usr/bin/ld -m elf_x86_64
configure:11150: checking if the linker (/usr/bin/ld -m elf_x86_64) is GNU ld
configure:11165: result: yes
configure:11216: checking whether the g++ linker (/usr/bin/ld -m elf_x86_64) supports shared libraries
configure:12162: result: yes
configure:12179: g++ -c -g -O2  conftest.cpp >&5
configure:12182: $? = 0
configure:12338: checking for g++ option to produce PIC
configure:12622: result: -fPIC
configure:12630: checking if g++ PIC flag -fPIC works
configure:12648: g++ -c -g -O2  -fPIC -DPIC conftest.cpp >&5
configure:12652: $? = 0
configure:12665: result: yes
configure:12693: checking if g++ static flag -static works
configure:12721: result: yes
configure:12731: checking if g++ supports -c -o file.o
configure:12752: g++ -c -g -O2  -o out/conftest2.o conftest.cpp >&5
configure:12756: $? = 0
configure:12778: result: yes
configure:12804: checking whether the g++ linker (/usr/bin/ld -m elf_x86_64) supports shared libraries
configure:12833: result: yes
configure:12900: checking dynamic linker characteristics
configure:13462: result: GNU/Linux ld.so
configure:13486: checking how to hardcode library paths into programs
configure:13511: result: immediate
configure:19803: checking for mysql_config
configure:19849: result: "/usr/bin/mysql_config"
configure:19913: checking for gawk
configure:19940: result: mawk
configure:20003: checking for curl-config
configure:20021: found /usr/bin/curl-config
configure:20033: result: /usr/bin/curl-config
configure:20044: checking for the version of libcurl
configure:20051: result: 7.21.1
configure:20112: checking whether libcurl is usable
configure:20155: gcc -o conftest -g -O2    conftest.c -lcurl  >&5
configure:20161: $? = 0
configure:20184: result: yes
configure:20197: checking for curl_free
configure:20253: gcc -o conftest -g -O2    conftest.c  -lcurl >&5
configure:20259: $? = 0
configure:20276: result: yes
configure:20417: checking for pkg-config
configure:20435: found /usr/bin/pkg-config
configure:20447: result: /usr/bin/pkg-config
configure:20476: checking pkg-config is at least version 0.9.0
configure:20479: result: yes
configure:20490: checking for DEPS
configure:20498: $PKG_CONFIG --exists --print-errors "libcurl >= 7.15"
configure:20501: $? = 0
configure:20516: $PKG_CONFIG --exists --print-errors "libcurl >= 7.15"
configure:20519: $? = 0
configure:20595: result: yes
configure:20602: checking for an ANSI C-conforming const
configure:20677: gcc -c -g -O2  conftest.c >&5
configure:20683: $? = 0
configure:20698: result: yes
configure:20708: checking for size_t
configure:20738: gcc -c -g -O2  conftest.c >&5
configure:20744: $? = 0
configure:20759: result: yes
configure:20787: checking limits.h usability
configure:20804: gcc -c -g -O2  conftest.c >&5
configure:20810: $? = 0
configure:20824: result: yes
configure:20828: checking limits.h presence
configure:20843: gcc -E  conftest.c
configure:20849: $? = 0
configure:20863: result: yes
configure:20891: checking for limits.h
configure:20899: result: yes
configure:20787: checking syslimits.h usability
configure:20804: gcc -c -g -O2  conftest.c >&5
In file included from /usr/lib/gcc/x86_64-linux-gnu/4.8/include-fixed/syslimits.h:7:0,
                 from conftest.c:69:
/usr/include/limits.h:123:26: error: no include path in which to search for limits.h
 # include_next <limits.h>
                          ^
configure:20810: $? = 1
configure: failed program was:
| /* confdefs.h.  */
| #define PACKAGE_NAME ""
| #define PACKAGE_TARNAME ""
| #define PACKAGE_VERSION ""
| #define PACKAGE_STRING ""
| #define PACKAGE_BUGREPORT ""
| #define PACKAGE "mysql-udf-http"
| #define VERSION "0.1"
| #define STDC_HEADERS 1
| #define HAVE_SYS_TYPES_H 1
| #define HAVE_SYS_STAT_H 1
| #define HAVE_STDLIB_H 1
| #define HAVE_STRING_H 1
| #define HAVE_MEMORY_H 1
| #define HAVE_STRINGS_H 1
| #define HAVE_INTTYPES_H 1
| #define HAVE_STDINT_H 1
| #define HAVE_UNISTD_H 1
| #define HAVE_DLFCN_H 1
| #define MYSQL_ENABLED 1
| #define HAVE_LIBCURL 1
| #define LIBCURL_FEATURE_IPV6 1
| #define LIBCURL_FEATURE_LIBZ 1
| #define LIBCURL_PROTOCOL_DICT 1
| #define LIBCURL_PROTOCOL_FILE 1
| #define LIBCURL_PROTOCOL_FTP 1
| #define LIBCURL_PROTOCOL_HTTP 1
| #define LIBCURL_PROTOCOL_IMAP 1
| #define LIBCURL_PROTOCOL_POP3 1
| #define LIBCURL_PROTOCOL_RTSP 1
| #define LIBCURL_PROTOCOL_SMTP 1
| #define LIBCURL_PROTOCOL_TELNET 1
| #define LIBCURL_PROTOCOL_TFTP 1
| #define HAVE_LIMITS_H 1
| /* end confdefs.h.  */
| #include <stdio.h>
| #ifdef HAVE_SYS_TYPES_H
| # include <sys/types.h>
| #endif
| #ifdef HAVE_SYS_STAT_H
| # include <sys/stat.h>
| #endif
| #ifdef STDC_HEADERS
| # include <stdlib.h>
| # include <stddef.h>
| #else
| # ifdef HAVE_STDLIB_H
| #  include <stdlib.h>
| # endif
| #endif
| #ifdef HAVE_STRING_H
| # if !defined STDC_HEADERS && defined HAVE_MEMORY_H
| #  include <memory.h>
| # endif
| # include <string.h>
| #endif
| #ifdef HAVE_STRINGS_H
| # include <strings.h>
| #endif
| #ifdef HAVE_INTTYPES_H
| # include <inttypes.h>
| #endif
| #ifdef HAVE_STDINT_H
| # include <stdint.h>
| #endif
| #ifdef HAVE_UNISTD_H
| # include <unistd.h>
| #endif
| #include <syslimits.h>
configure:20824: result: no
configure:20828: checking syslimits.h presence
configure:20843: gcc -E  conftest.c
In file included from /usr/lib/gcc/x86_64-linux-gnu/4.8/include-fixed/syslimits.h:7:0,
                 from conftest.c:36:
/usr/include/limits.h:123:26: error: no include path in which to search for limits.h
 # include_next <limits.h>
                          ^
configure:20849: $? = 1
configure: failed program was:
| /* confdefs.h.  */
| #define PACKAGE_NAME ""
| #define PACKAGE_TARNAME ""
| #define PACKAGE_VERSION ""
| #define PACKAGE_STRING ""
| #define PACKAGE_BUGREPORT ""
| #define PACKAGE "mysql-udf-http"
| #define VERSION "0.1"
| #define STDC_HEADERS 1
| #define HAVE_SYS_TYPES_H 1
| #define HAVE_SYS_STAT_H 1
| #define HAVE_STDLIB_H 1
| #define HAVE_STRING_H 1
| #define HAVE_MEMORY_H 1
| #define HAVE_STRINGS_H 1
| #define HAVE_INTTYPES_H 1
| #define HAVE_STDINT_H 1
| #define HAVE_UNISTD_H 1
| #define HAVE_DLFCN_H 1
| #define MYSQL_ENABLED 1
| #define HAVE_LIBCURL 1
| #define LIBCURL_FEATURE_IPV6 1
| #define LIBCURL_FEATURE_LIBZ 1
| #define LIBCURL_PROTOCOL_DICT 1
| #define LIBCURL_PROTOCOL_FILE 1
| #define LIBCURL_PROTOCOL_FTP 1
| #define LIBCURL_PROTOCOL_HTTP 1
| #define LIBCURL_PROTOCOL_IMAP 1
| #define LIBCURL_PROTOCOL_POP3 1
| #define LIBCURL_PROTOCOL_RTSP 1
| #define LIBCURL_PROTOCOL_SMTP 1
| #define LIBCURL_PROTOCOL_TELNET 1
| #define LIBCURL_PROTOCOL_TFTP 1
| #define HAVE_LIMITS_H 1
| /* end confdefs.h.  */
| #include <syslimits.h>
configure:20863: result: no
configure:20891: checking for syslimits.h
configure:20899: result: no
configure:21035: creating ./config.status

## ---------------------- ##
## Running config.status. ##
## ---------------------- ##

This file was extended by config.status, which was
generated by GNU Autoconf 2.61.  Invocation command line was

  CONFIG_FILES    = 
  CONFIG_HEADERS  = 
  CONFIG_LINKS    = 
  CONFIG_COMMANDS = 
  $ ./config.status 

on senthilkumar-VirtualBox

config.status:674: creating Makefile
config.status:674: creating src/Makefile
config.status:674: creating src/curl_config.h
config.status:916: src/curl_config.h is unchanged
config.status:963: executing depfiles commands

## ---------------- ##
## Cache variables. ##
## ---------------- ##

ac_cv_build=x86_64-unknown-linux-gnu
ac_cv_c_compiler_gnu=yes
ac_cv_c_const=yes
ac_cv_cxx_compiler_gnu=yes
ac_cv_env_CCC_set=
ac_cv_env_CCC_value=
ac_cv_env_CC_set=
ac_cv_env_CC_value=
ac_cv_env_CFLAGS_set=
ac_cv_env_CFLAGS_value=
ac_cv_env_CPPFLAGS_set=
ac_cv_env_CPPFLAGS_value=
ac_cv_env_CPP_set=
ac_cv_env_CPP_value=
ac_cv_env_CXXCPP_set=
ac_cv_env_CXXCPP_value=
ac_cv_env_CXXFLAGS_set=
ac_cv_env_CXXFLAGS_value=
ac_cv_env_CXX_set=
ac_cv_env_CXX_value=
ac_cv_env_DEPS_CFLAGS_set=
ac_cv_env_DEPS_CFLAGS_value=
ac_cv_env_DEPS_LIBS_set=
ac_cv_env_DEPS_LIBS_value=
ac_cv_env_F77_set=
ac_cv_env_F77_value=
ac_cv_env_FFLAGS_set=
ac_cv_env_FFLAGS_value=
ac_cv_env_LDFLAGS_set=
ac_cv_env_LDFLAGS_value=
ac_cv_env_LIBS_set=
ac_cv_env_LIBS_value=
ac_cv_env_PKG_CONFIG_set=
ac_cv_env_PKG_CONFIG_value=
ac_cv_env_build_alias_set=
ac_cv_env_build_alias_value=
ac_cv_env_host_alias_set=
ac_cv_env_host_alias_value=
ac_cv_env_target_alias_set=
ac_cv_env_target_alias_value=
ac_cv_f77_compiler_gnu=no
ac_cv_func_curl_free=yes
ac_cv_header_dlfcn_h=yes
ac_cv_header_inttypes_h=yes
ac_cv_header_limits_h=yes
ac_cv_header_memory_h=yes
ac_cv_header_stdc=yes
ac_cv_header_stdint_h=yes
ac_cv_header_stdlib_h=yes
ac_cv_header_string_h=yes
ac_cv_header_strings_h=yes
ac_cv_header_sys_stat_h=yes
ac_cv_header_sys_types_h=yes
ac_cv_header_syslimits_h=no
ac_cv_header_unistd_h=yes
ac_cv_host=x86_64-unknown-linux-gnu
ac_cv_objext=o
ac_cv_path_EGREP='/bin/grep -E'
ac_cv_path_GREP=/bin/grep
ac_cv_path__libcurl_config=/usr/bin/curl-config
ac_cv_path_ac_pt_PKG_CONFIG=/usr/bin/pkg-config
ac_cv_path_install='/usr/bin/install -c'
ac_cv_path_mkdir=/bin/mkdir
ac_cv_prog_AWK=mawk
ac_cv_prog_CPP='gcc -E'
ac_cv_prog_CXXCPP='g++ -E'
ac_cv_prog_ac_ct_AR=ar
ac_cv_prog_ac_ct_CC=gcc
ac_cv_prog_ac_ct_CXX=g++
ac_cv_prog_ac_ct_RANLIB=ranlib
ac_cv_prog_ac_ct_STRIP=strip
ac_cv_prog_cc_c89=
ac_cv_prog_cc_g=yes
ac_cv_prog_cxx_g=yes
ac_cv_prog_f77_g=no
ac_cv_prog_make_make_set=yes
ac_cv_type_size_t=yes
am_cv_CC_dependencies_compiler_type=gcc3
am_cv_CXX_dependencies_compiler_type=gcc3
libcurl_cv_lib_curl_usable=yes
libcurl_cv_lib_curl_version=7.21.1
lt_cv_deplibs_check_method=pass_all
lt_cv_file_magic_cmd='$MAGIC_CMD'
lt_cv_file_magic_test_file=
lt_cv_ld_reload_flag=-r
lt_cv_objdir=.libs
lt_cv_path_LD=/usr/bin/ld
lt_cv_path_LDCXX='/usr/bin/ld -m elf_x86_64'
lt_cv_path_NM='/usr/bin/nm -B'
lt_cv_path_SED=/bin/sed
lt_cv_prog_compiler_c_o=yes
lt_cv_prog_compiler_c_o_CXX=yes
lt_cv_prog_compiler_pic_works=yes
lt_cv_prog_compiler_pic_works_CXX=yes
lt_cv_prog_compiler_rtti_exceptions=no
lt_cv_prog_compiler_static_works=yes
lt_cv_prog_compiler_static_works_CXX=yes
lt_cv_prog_gnu_ld=yes
lt_cv_prog_gnu_ldcxx=yes
lt_cv_sys_global_symbol_pipe='sed -n -e '\''s/^.*[ 	]\([ABCDGIRSTW][ABCDGIRSTW]*\)[ 	][ 	]*\([_A-Za-z][_A-Za-z0-9]*\)$/\1 \2 \2/p'\'''
lt_cv_sys_global_symbol_to_c_name_address='sed -n -e '\''s/^: \([^ ]*\) $/  {\"\1\", (lt_ptr) 0},/p'\'' -e '\''s/^[BCDEGRST] \([^ ]*\) \([^ ]*\)$/  {"\2", (lt_ptr) \&\2},/p'\'''
lt_cv_sys_global_symbol_to_cdecl='sed -n -e '\''s/^. .* \(.*\)$/extern int \1;/p'\'''
lt_cv_sys_lib_dlsearch_path_spec='/lib /usr/lib /usr/local/lib /var/lib/mysql /lib/x86_64-linux-gnu /usr/lib/x86_64-linux-gnu /usr/lib/x86_64-linux-gnu/mesa-egl /usr/lib/x86_64-linux-gnu/mesa '
lt_cv_sys_lib_search_path_spec='/usr/lib/gcc/x86_64-linux-gnu/4.8 /usr/lib/x86_64-linux-gnu /usr/lib /lib/x86_64-linux-gnu /lib'
lt_cv_sys_max_cmd_len=1572864
lt_lt_cv_prog_compiler_c_o='"yes"'
lt_lt_cv_prog_compiler_c_o_CXX='"yes"'
lt_lt_cv_sys_global_symbol_pipe='"sed -n -e '\''s/^.*[ 	]\\([ABCDGIRSTW][ABCDGIRSTW]*\\)[ 	][ 	]*\\([_A-Za-z][_A-Za-z0-9]*\\)\$/\\1 \\2 \\2/p'\''"'
lt_lt_cv_sys_global_symbol_to_c_name_address='"sed -n -e '\''s/^: \\([^ ]*\\) \$/  {\\\"\\1\\\", (lt_ptr) 0},/p'\'' -e '\''s/^[BCDEGRST] \\([^ ]*\\) \\([^ ]*\\)\$/  {\"\\2\", (lt_ptr) \\&\\2},/p'\''"'
lt_lt_cv_sys_global_symbol_to_cdecl='"sed -n -e '\''s/^. .* \\(.*\\)\$/extern int \\1;/p'\''"'
pkg_cv_DEPS_CFLAGS=' '
pkg_cv_DEPS_LIBS='-lcurl  '

## ----------------- ##
## Output variables. ##
## ----------------- ##

ACLOCAL='${SHELL} /home/senthilkumar/mysql-udf-http/config/missing --run aclocal-1.10'
AMDEPBACKSLASH='\'
AMDEP_FALSE='#'
AMDEP_TRUE=''
AMTAR='${SHELL} /home/senthilkumar/mysql-udf-http/config/missing --run tar'
AR='ar'
AUTOCONF='${SHELL} /home/senthilkumar/mysql-udf-http/config/missing --run autoconf'
AUTOHEADER='${SHELL} /home/senthilkumar/mysql-udf-http/config/missing --run autoheader'
AUTOMAKE='${SHELL} /home/senthilkumar/mysql-udf-http/config/missing --run automake-1.10'
AWK='mawk'
CC='gcc'
CCDEPMODE='depmode=gcc3'
CFLAGS='-g -O2'
CPP='gcc -E'
CPPFLAGS=''
CXX='g++'
CXXCPP='g++ -E'
CXXDEPMODE='depmode=gcc3'
CXXFLAGS='-g -O2'
CYGPATH_W='echo'
DEFS='-DHAVE_CONFIG_H'
DEPDIR='.deps'
DEPS_CFLAGS=' '
DEPS_LIBS='-lcurl  '
DSYMUTIL=''
ECHO='echo'
ECHO_C=''
ECHO_N='-n'
ECHO_T=''
EGREP='/bin/grep -E'
EXEEXT=''
F77=''
FFLAGS=''
GREP='/bin/grep'
INSTALL_DATA='${INSTALL} -m 644'
INSTALL_PROGRAM='${INSTALL}'
INSTALL_SCRIPT='${INSTALL}'
INSTALL_STRIP_PROGRAM='$(install_sh) -c -s'
LDFLAGS=''
LIBCURL='-lcurl'
LIBCURL_CPPFLAGS=''
LIBOBJS=''
LIBS=''
LIBTOOL='$(SHELL) $(top_builddir)/libtool --preserve-dup-deps'
LN_S='ln -s'
LTLIBOBJS=''
MAKEINFO='${SHELL} /home/senthilkumar/mysql-udf-http/config/missing --run makeinfo'
MYSQL_CONFIG='/usr/bin/mysql_config'
MYSQL_INC='-I/usr/include/mysql -DBIG_JOINS=1  -fno-strict-aliasing    -g -DNDEBUG'
MYSQL_LIB='-L/usr/lib/x86_64-linux-gnu -lmysqlclient -lpthread -lz -lm -ldl'
NMEDIT=''
OBJEXT='o'
PACKAGE='mysql-udf-http'
PACKAGE_BUGREPORT=''
PACKAGE_NAME=''
PACKAGE_STRING=''
PACKAGE_TARNAME=''
PACKAGE_VERSION=''
PATH_SEPARATOR=':'
PKG_CONFIG='/usr/bin/pkg-config'
RANLIB='ranlib'
SED='/bin/sed'
SET_MAKE=''
SHELL='/bin/bash'
STRIP='strip'
VERSION='0.1'
_libcurl_config=''
ac_ct_CC='gcc'
ac_ct_CXX='g++'
ac_ct_F77=''
am__fastdepCC_FALSE='#'
am__fastdepCC_TRUE=''
am__fastdepCXX_FALSE='#'
am__fastdepCXX_TRUE=''
am__include='include'
am__isrc=''
am__leading_dot='.'
am__quote=''
am__tar='${AMTAR} chof - "$$tardir"'
am__untar='${AMTAR} xf -'
bindir='${exec_prefix}/bin'
build='x86_64-unknown-linux-gnu'
build_alias=''
build_cpu='x86_64'
build_os='linux-gnu'
build_vendor='unknown'
datadir='${datarootdir}'
datarootdir='${prefix}/share'
docdir='${datarootdir}/doc/${PACKAGE}'
dvidir='${docdir}'
exec_prefix='${prefix}'
host='x86_64-unknown-linux-gnu'
host_alias=''
host_cpu='x86_64'
host_os='linux-gnu'
host_vendor='unknown'
htmldir='${docdir}'
includedir='${prefix}/include'
infodir='${datarootdir}/info'
install_sh='$(SHELL) /home/senthilkumar/mysql-udf-http/config/install-sh'
libdir='${exec_prefix}/lib/mysql/plugin/'
libexecdir='${exec_prefix}/libexec'
localedir='${datarootdir}/locale'
localstatedir='${prefix}/var'
mandir='${datarootdir}/man'
mkdir_p='/bin/mkdir -p'
oldincludedir='/usr/include'
pdfdir='${docdir}'
prefix='/var/lib/mysql/mysql'
program_transform_name='s,x,x,'
psdir='${docdir}'
sbindir='${exec_prefix}/sbin'
sharedstatedir='${prefix}/com'
sysconfdir='${prefix}/etc'
target_alias=''

## ----------- ##
## confdefs.h. ##
## ----------- ##

#define PACKAGE_NAME ""
#define PACKAGE_TARNAME ""
#define PACKAGE_VERSION ""
#define PACKAGE_STRING ""
#define PACKAGE_BUGREPORT ""
#define PACKAGE "mysql-udf-http"
#define VERSION "0.1"
#define STDC_HEADERS 1
#define HAVE_SYS_TYPES_H 1
#define HAVE_SYS_STAT_H 1
#define HAVE_STDLIB_H 1
#define HAVE_STRING_H 1
#define HAVE_MEMORY_H 1
#define HAVE_STRINGS_H 1
#define HAVE_INTTYPES_H 1
#define HAVE_STDINT_H 1
#define HAVE_UNISTD_H 1
#define HAVE_DLFCN_H 1
#define MYSQL_ENABLED 1
#define HAVE_LIBCURL 1
#define LIBCURL_FEATURE_IPV6 1
#define LIBCURL_FEATURE_LIBZ 1
#define LIBCURL_PROTOCOL_DICT 1
#define LIBCURL_PROTOCOL_FILE 1
#define LIBCURL_PROTOCOL_FTP 1
#define LIBCURL_PROTOCOL_HTTP 1
#define LIBCURL_PROTOCOL_IMAP 1
#define LIBCURL_PROTOCOL_POP3 1
#define LIBCURL_PROTOCOL_RTSP 1
#define LIBCURL_PROTOCOL_SMTP 1
#define LIBCURL_PROTOCOL_TELNET 1
#define LIBCURL_PROTOCOL_TFTP 1
#define HAVE_LIMITS_H 1

configure: exit 0
